<?xml version="1.0" encoding="UTF-8"?>
<coverage generated="1684466571497" clover="3.2.0">
  <project timestamp="1684466571498" name="All files">
    <metrics statements="9" coveredstatements="5" conditionals="4" coveredconditionals="0" methods="6" coveredmethods="4" elements="19" coveredelements="9" complexity="0" loc="9" ncloc="9" packages="1" files="1" classes="1"/>
    <file name="ThirdElement.tsx" path="C:\Users\Hp\Desktop\dequode\learning-test\native_test_check\components\ThirdElement.tsx">
      <metrics statements="9" coveredstatements="5" conditionals="4" coveredconditionals="0" methods="6" coveredmethods="4"/>
      <line num="11" count="2" type="stmt"/>
      <line num="12" count="2" type="stmt"/>
      <line num="18" count="0" type="cond" truecount="0" falsecount="4"/>
      <line num="19" count="0" type="stmt"/>
      <line num="21" count="0" type="stmt"/>
      <line num="25" count="4" type="stmt"/>
      <line num="32" count="1" type="stmt"/>
      <line num="40" count="1" type="stmt"/>
      <line num="43" count="0" type="stmt"/>
    </file>
  </project>
</coverage>
