{"C:\\Users\\Hp\\Desktop\\dequode\\learning-test\\native_test_check\\components\\ThirdElement.tsx": {"path":"C:\\Users\\Hp\\Desktop\\dequode\\learning-test\\native_test_check\\components\\ThirdElement.tsx","statementMap":{"0":{"start":{"line":11,"column":4},"end":{"line":11,"column":17}},"1":{"start":{"line":12,"column":4},"end":{"line":15,"column":6}},"2":{"start":{"line":18,"column":4},"end":{"line":22,"column":5}},"3":{"start":{"line":19,"column":6},"end":{"line":19,"column":46}},"4":{"start":{"line":21,"column":6},"end":{"line":21,"column":39}},"5":{"start":{"line":25,"column":4},"end":{"line":45,"column":6}},"6":{"start":{"line":32,"column":12},"end":{"line":32,"column":60}},"7":{"start":{"line":40,"column":12},"end":{"line":40,"column":60}},"8":{"start":{"line":43,"column":45},"end":{"line":43,"column":57}}},"fnMap":{"0":{"name":"(anonymous_0)","decl":{"start":{"line":10,"column":2},"end":{"line":10,"column":3}},"loc":{"start":{"line":10,"column":25},"end":{"line":16,"column":3}},"line":10},"1":{"name":"(anonymous_1)","decl":{"start":{"line":17,"column":2},"end":{"line":17,"column":3}},"loc":{"start":{"line":17,"column":10},"end":{"line":23,"column":3}},"line":17},"2":{"name":"(anonymous_2)","decl":{"start":{"line":24,"column":2},"end":{"line":24,"column":3}},"loc":{"start":{"line":24,"column":11},"end":{"line":46,"column":3}},"line":24},"3":{"name":"(anonymous_3)","decl":{"start":{"line":31,"column":24},"end":{"line":31,"column":25}},"loc":{"start":{"line":32,"column":12},"end":{"line":32,"column":60}},"line":32},"4":{"name":"(anonymous_4)","decl":{"start":{"line":39,"column":24},"end":{"line":39,"column":25}},"loc":{"start":{"line":40,"column":12},"end":{"line":40,"column":60}},"line":40},"5":{"name":"(anonymous_5)","decl":{"start":{"line":43,"column":39},"end":{"line":43,"column":40}},"loc":{"start":{"line":43,"column":45},"end":{"line":43,"column":57}},"line":43}},"branchMap":{"0":{"loc":{"start":{"line":18,"column":4},"end":{"line":22,"column":5}},"type":"if","locations":[{"start":{"line":18,"column":4},"end":{"line":22,"column":5}},{"start":{"line":20,"column":11},"end":{"line":22,"column":5}}],"line":18},"1":{"loc":{"start":{"line":18,"column":8},"end":{"line":18,"column":52}},"type":"binary-expr","locations":[{"start":{"line":18,"column":8},"end":{"line":18,"column":28}},{"start":{"line":18,"column":32},"end":{"line":18,"column":52}}],"line":18}},"s":{"0":2,"1":2,"2":0,"3":0,"4":0,"5":4,"6":1,"7":1,"8":0},"f":{"0":2,"1":0,"2":4,"3":1,"4":1,"5":0},"b":{"0":[0,0],"1":[0,0]},"_coverageSchema":"1a1c01bbd47fc00a2c39e90264f33305004495a9","hash":"7d498e772df97e94fd5e9c4b1a94e2950f03c55a"}
}
